<?xml version="1.0" encoding="UTF-8"?>
<testng-results ignored="0" total="1" passed="1" failed="0" skipped="0">
  <reporter-output>
  </reporter-output>
  <suite started-at="2023-03-20T01:00:25 EDT" name="Default suite" finished-at="2023-03-20T01:00:25 EDT" duration-ms="17">
    <groups>
    </groups>
    <test started-at="2023-03-20T01:00:25 EDT" name="Default test" finished-at="2023-03-20T01:00:25 EDT" duration-ms="17">
      <class name="coreJava_Inheritance.PS1">
        <test-method is-config="true" signature="beforerun()[pri:0, instance:coreJava_Inheritance.PS1@47542153]" started-at="2023-03-20T01:00:25 EDT" name="beforerun" finished-at="2023-03-20T01:00:25 EDT" duration-ms="2" status="PASS">
          <reporter-output>
          </reporter-output>
        </test-method> <!-- beforerun -->
        <test-method signature="testrun()[pri:0, instance:coreJava_Inheritance.PS1@47542153]" started-at="2023-03-20T01:00:25 EDT" name="testrun" finished-at="2023-03-20T01:00:25 EDT" duration-ms="3" status="PASS">
          <reporter-output>
          </reporter-output>
        </test-method> <!-- testrun -->
        <test-method is-config="true" signature="afterrun()[pri:0, instance:coreJava_Inheritance.PS1@47542153]" started-at="2023-03-20T01:00:25 EDT" name="afterrun" finished-at="2023-03-20T01:00:25 EDT" duration-ms="0" status="PASS">
          <reporter-output>
          </reporter-output>
        </test-method> <!-- afterrun -->
      </class> <!-- coreJava_Inheritance.PS1 -->
    </test> <!-- Default test -->
  </suite> <!-- Default suite -->
</testng-results>
