<?xml version="1.0" encoding="UTF-8"?>
<testng-results ignored="10" total="14" passed="4" failed="0" skipped="0">
  <reporter-output>
  </reporter-output>
  <suite started-at="2023-03-18T00:57:24 EDT" name="Loan Department" finished-at="2023-03-18T00:57:24 EDT" duration-ms="19">
    <groups>
      <group name="Smoke">
        <method signature="TC01.Groups3()[pri:0, instance:testNGBasics.TC01@3cc2931c]" name="Groups3" class="testNGBasics.TC01"/>
        <method signature="TC02.demoGood()[pri:0, instance:testNGBasics.TC02@4b14c583]" name="demoGood" class="testNGBasics.TC02"/>
        <method signature="TC03.Groups1()[pri:0, instance:testNGBasics.TC03@1534f01b]" name="Groups1" class="testNGBasics.TC03"/>
        <method signature="TC04.Groups2()[pri:0, instance:testNGBasics.TC04@78e117e3]" name="Groups2" class="testNGBasics.TC04"/>
      </group> <!-- Smoke -->
    </groups>
    <test started-at="2023-03-18T00:57:24 EDT" name="Regression Testing" finished-at="2023-03-18T00:57:24 EDT" duration-ms="19">
      <class name="testNGBasics.TC01">
        <test-method signature="Groups3()[pri:0, instance:testNGBasics.TC01@3cc2931c]" started-at="2023-03-18T00:57:24 EDT" name="Groups3" finished-at="2023-03-18T00:57:24 EDT" duration-ms="3" status="PASS">
          <reporter-output>
          </reporter-output>
        </test-method> <!-- Groups3 -->
      </class> <!-- testNGBasics.TC01 -->
      <class name="testNGBasics.TC02">
        <test-method signature="demoGood()[pri:0, instance:testNGBasics.TC02@4b14c583]" started-at="2023-03-18T00:57:24 EDT" name="demoGood" finished-at="2023-03-18T00:57:24 EDT" duration-ms="0" status="PASS">
          <reporter-output>
          </reporter-output>
        </test-method> <!-- demoGood -->
      </class> <!-- testNGBasics.TC02 -->
      <class name="testNGBasics.TC03">
        <test-method signature="Groups1()[pri:0, instance:testNGBasics.TC03@1534f01b]" started-at="2023-03-18T00:57:24 EDT" name="Groups1" finished-at="2023-03-18T00:57:24 EDT" duration-ms="0" status="PASS">
          <reporter-output>
          </reporter-output>
        </test-method> <!-- Groups1 -->
      </class> <!-- testNGBasics.TC03 -->
      <class name="testNGBasics.TC04">
        <test-method signature="Groups2()[pri:0, instance:testNGBasics.TC04@78e117e3]" started-at="2023-03-18T00:57:24 EDT" name="Groups2" finished-at="2023-03-18T00:57:24 EDT" duration-ms="0" status="PASS">
          <reporter-output>
          </reporter-output>
        </test-method> <!-- Groups2 -->
      </class> <!-- testNGBasics.TC04 -->
    </test> <!-- Regression Testing -->
  </suite> <!-- Loan Department -->
</testng-results>
