<?xml version="1.0" encoding="UTF-8"?>
<!-- Generated by org.testng.reporters.JUnitXMLReporter -->
<testsuite ignored="4" hostname="Archanas-Air.phub.net.cable.rogers.com" failures="0" tests="1" name="Car Loan" time="0.005" errors="0" timestamp="2023-03-18T00:31:44 EDT">
  <testcase classname="testNGBasics.TC03" name="loginAPIcarloan" time="0.003"/>
  <testcase classname="testNGBasics.TC03" name="mobileSignIncarloan" time="0.0">
    <ignored/>
  </testcase> <!-- mobileSignIncarloan -->
  <testcase classname="testNGBasics.TC03" name="mobileSignOutcarloan" time="0.0">
    <ignored/>
  </testcase> <!-- mobileSignOutcarloan -->
  <testcase classname="testNGBasics.TC03" name="mobileLogincarloan" time="0.0">
    <ignored/>
  </testcase> <!-- mobileLogincarloan -->
  <testcase classname="testNGBasics.TC03" name="weblogincarloan" time="0.0">
    <ignored/>
  </testcase> <!-- weblogincarloan -->
</testsuite> <!-- Car Loan -->
