<?xml version="1.0" encoding="UTF-8"?>
<!-- Generated by org.testng.reporters.JUnitXMLReporter -->
<testsuite ignored="1" hostname="Archanas-Air.phub.net.cable.rogers.com" failures="0" tests="14" name="Personal Loan" time="0.036" errors="0" timestamp="2023-03-19T22:40:10 EDT">
  <testcase classname="testNGBasics.TC01" name="French" time="0.002"/>
  <testcase classname="testNGBasics.TC01" name="French" time="0.001"/>
  <testcase classname="testNGBasics.TC01" name="French" time="0.0"/>
  <testcase classname="testNGBasics.TC01" name="Groups3" time="0.0"/>
  <testcase classname="testNGBasics.TC01" name="demo" time="0.0"/>
  <testcase classname="testNGBasics.TC01" name="demoBye" time="0.0"/>
  <testcase classname="testNGBasics.TC02" name="demoGood" time="0.0"/>
  <testcase classname="testNGBasics.TC04" name="Groups2" time="0.0"/>
  <testcase classname="testNGBasics.TC04" name="loginAPIhomeloan" time="0.001"/>
  <testcase classname="testNGBasics.TC04" name="mobileloginhomeloan" time="0.001"/>
  <testcase classname="testNGBasics.TC04" name="webloginhomeloan" time="0.0"/>
  <testcase classname="testNGBasics.TC05" name="Jira" time="0.002"/>
  <testcase classname="testNGBasics.TC05" name="Selenium" time="0.0"/>
  <testcase classname="testNGBasics.TC05" name="API" time="0.0"/>
  <testcase classname="testNGBasics.TC05" name="Appium" time="0.0">
    <ignored/>
  </testcase> <!-- Appium -->
</testsuite> <!-- Personal Loan -->
