<?xml version="1.0" encoding="UTF-8"?>
<!-- Generated by org.testng.reporters.JUnitXMLReporter -->
<testsuite ignored="0" hostname="Archanas-Air.phub.net.cable.rogers.com" failures="0" tests="6" name="Personal Loan" time="0.017" errors="0" timestamp="2023-03-18T00:31:44 EDT">
  <testcase classname="testNGBasics.TC01" name="demo" time="0.002"/>
  <testcase classname="testNGBasics.TC01" name="demoBye" time="0.0"/>
  <testcase classname="testNGBasics.TC02" name="demoGood" time="0.001"/>
  <testcase classname="testNGBasics.TC04" name="loginAPIhomeloan" time="0.001"/>
  <testcase classname="testNGBasics.TC04" name="mobileloginhomeloan" time="0.0"/>
  <testcase classname="testNGBasics.TC04" name="webloginhomeloan" time="0.0"/>
</testsuite> <!-- Personal Loan -->
