<?xml version="1.0" encoding="UTF-8"?>
<!-- Generated by org.testng.reporters.JUnitXMLReporter -->
<testsuite ignored="10" hostname="Archanas-Air.phub.net.cable.rogers.com" failures="0" tests="4" name="Regression Testing" time="0.019" errors="0" timestamp="2023-03-18T00:57:24 EDT">
  <testcase classname="testNGBasics.TC01" name="Groups3" time="0.003"/>
  <testcase classname="testNGBasics.TC02" name="demoGood" time="0.0"/>
  <testcase classname="testNGBasics.TC03" name="Groups1" time="0.0"/>
  <testcase classname="testNGBasics.TC04" name="Groups2" time="0.0"/>
  <testcase classname="testNGBasics.TC03" name="mobileSignIncarloan" time="0.0">
    <ignored/>
  </testcase> <!-- mobileSignIncarloan -->
  <testcase classname="testNGBasics.TC04" name="webloginhomeloan" time="0.0">
    <ignored/>
  </testcase> <!-- webloginhomeloan -->
  <testcase classname="testNGBasics.TC01" name="demoBye" time="0.0">
    <ignored/>
  </testcase> <!-- demoBye -->
  <testcase classname="testNGBasics.TC03" name="loginAPIcarloan" time="0.0">
    <ignored/>
  </testcase> <!-- loginAPIcarloan -->
  <testcase classname="testNGBasics.TC03" name="mobileSignOutcarloan" time="0.0">
    <ignored/>
  </testcase> <!-- mobileSignOutcarloan -->
  <testcase classname="testNGBasics.TC03" name="mobileLogincarloan" time="0.0">
    <ignored/>
  </testcase> <!-- mobileLogincarloan -->
  <testcase classname="testNGBasics.TC04" name="mobileloginhomeloan" time="0.0">
    <ignored/>
  </testcase> <!-- mobileloginhomeloan -->
  <testcase classname="testNGBasics.TC03" name="weblogincarloan" time="0.0">
    <ignored/>
  </testcase> <!-- weblogincarloan -->
  <testcase classname="testNGBasics.TC04" name="loginAPIhomeloan" time="0.0">
    <ignored/>
  </testcase> <!-- loginAPIhomeloan -->
  <testcase classname="testNGBasics.TC01" name="demo" time="0.0">
    <ignored/>
  </testcase> <!-- demo -->
</testsuite> <!-- Regression Testing -->
